<?xml version="1.0" encoding="UTF-8"?>
<!-- Generated by org.testng.reporters.JUnitReportReporter -->
<testsuite skipped="0" hostname="DESKTOP-9BG7FDN" name="BDDWork.PostRequest" tests="1" failures="0" timestamp="13 Jul 2019 14:49:14 GMT" time="1.454" errors="0">
  <testcase name="testpostRequest" time="1.454" classname="BDDWork.PostRequest"/>
</testsuite> <!-- BDDWork.PostRequest -->
