<?xml version="1.0" encoding="UTF-8"?>
<!-- Generated by org.testng.reporters.JUnitReportReporter -->
<testsuite skipped="0" hostname="DESKTOP-9BG7FDN" name="BDDWork.DeleteRequest" tests="1" failures="0" timestamp="11 Jul 2019 07:41:06 GMT" time="1.618" errors="0">
  <testcase name="deleteRequest" time="1.618" classname="BDDWork.DeleteRequest"/>
</testsuite> <!-- BDDWork.DeleteRequest -->
