<?xml version="1.0" encoding="UTF-8"?>
<!-- Generated by org.testng.reporters.JUnitReportReporter -->
<testsuite skipped="0" hostname="DESKTOP-9BG7FDN" name="BDDWork.GetRequest" tests="1" failures="0" timestamp="13 Jul 2019 14:46:18 GMT" time="1.229" errors="0">
  <testcase name="getContents" time="1.229" classname="BDDWork.GetRequest"/>
</testsuite> <!-- BDDWork.GetRequest -->
