<?xml version="1.0" encoding="UTF-8"?>
<!-- Generated by org.testng.reporters.JUnitReportReporter -->
<testsuite skipped="0" hostname="DESKTOP-9BG7FDN" name="com.qa.rest.test.CircuitInformation" tests="1" failures="0" timestamp="08 Jul 2018 08:01:58 GMT" time="5.786" errors="0">
  <testcase name="getresponse" time="5.786" classname="com.qa.rest.test.CircuitInformation"/>
</testsuite> <!-- com.qa.rest.test.CircuitInformation -->
