<?xml version="1.0" encoding="UTF-8"?>
<!-- Generated by org.testng.reporters.JUnitReportReporter -->
<testsuite skipped="0" hostname="DESKTOP-9BG7FDN" name="BDDWork.PutRequest" tests="1" failures="0" timestamp="11 Jul 2019 07:06:30 GMT" time="1.493" errors="0">
  <testcase name="testputRequest" time="1.493" classname="BDDWork.PutRequest"/>
</testsuite> <!-- BDDWork.PutRequest -->
